# On branch master
# Changed but not updated:
#   (use "git add <file>..." to update what will be committed)
#   (use "git checkout -- <file>..." to discard changes in working directory)
#
#	modified:   notes/amd64/features
#	modified:   notes/armish/features
#	modified:   notes/aviion/features
#	modified:   notes/hp300/features
#	modified:   notes/hppa/features
#	modified:   notes/i386/features
#	modified:   notes/landisk/features
#	modified:   notes/luna88k/features
#	modified:   notes/mac68k/features
#	modified:   notes/macppc/features
#	modified:   notes/mvme68k/features
#	modified:   notes/mvme88k/features
#	modified:   notes/palm/features
#	modified:   notes/sgi/features
#	modified:   notes/sgi/hardware
#	modified:   notes/sgi/install
#	modified:   notes/sgi/prep
#	modified:   notes/socppc/features
#	modified:   notes/sparc/features
#	modified:   notes/sparc64/features
#	modified:   notes/vax/features
#	modified:   notes/zaurus/features
#	modified:   sets/lists/base/md.alpha
#	modified:   sets/lists/base/md.amd64
#	modified:   sets/lists/base/md.armish
#	modified:   sets/lists/base/md.aviion
#	modified:   sets/lists/base/md.hp300
#	modified:   sets/lists/base/md.hppa
#	modified:   sets/lists/base/md.hppa64
#	modified:   sets/lists/base/md.i386
#	modified:   sets/lists/base/md.landisk
#	modified:   sets/lists/base/md.luna88k
#	modified:   sets/lists/base/md.mac68k
#	modified:   sets/lists/base/md.macppc
#	modified:   sets/lists/base/md.mvme68k
#	modified:   sets/lists/base/md.mvme88k
#	modified:   sets/lists/base/md.mvmeppc
#	modified:   sets/lists/base/md.palm
#	modified:   sets/lists/base/md.sgi
#	modified:   sets/lists/base/md.socppc
#	modified:   sets/lists/base/md.sparc
#	modified:   sets/lists/base/md.sparc64
#	modified:   sets/lists/base/md.vax
#	modified:   sets/lists/base/md.zaurus
#	modified:   sets/lists/comp/mi
#	modified:   sets/lists/man/mi
#	modified:   special/kbd/Makefile
#	modified:   status.log
#	modified:   up.log
#
no changes added to commit (use "git add" and/or "git commit -a")
