? .git
? .gitignore
? status.log
? up.log
P notes/m4.common
P notes/hppa/install
P notes/sgi/hardware
P sets/lists/base/md.alpha
P sets/lists/base/md.amd64
P sets/lists/base/md.armish
P sets/lists/base/md.hp300
P sets/lists/base/md.hppa
P sets/lists/base/md.hppa64
P sets/lists/base/md.i386
P sets/lists/base/md.landisk
P sets/lists/base/md.mac68k
P sets/lists/base/md.macppc
P sets/lists/base/md.mvme68k
P sets/lists/base/md.mvmeppc
P sets/lists/base/md.palm
P sets/lists/base/md.sgi
P sets/lists/base/md.socppc
P sets/lists/base/md.sparc
P sets/lists/base/md.sparc64
P sets/lists/base/md.zaurus
P sets/lists/comp/mi
P sets/lists/man/mi
P special/Makefile
U special/Makefile.inc
P special/ccdconfig/Makefile
P special/dd/Makefile
P special/dhclient/Makefile
P special/dmesg/Makefile
U special/ed/Makefile
P special/ftp/Makefile
P special/grep/Makefile
P special/gzip/Makefile
P special/ifconfig/Makefile
P special/init/Makefile
P special/kbd/Makefile
P special/less/Makefile
P special/libstubs/Makefile
P special/more/Makefile
P special/more/more.c
U special/mt/Makefile
P special/newfs/Makefile
P special/pppd/Makefile
U special/restore/Makefile
P special/rsh/Makefile
P special/sha256/Makefile
P special/sysctl/Makefile
